2024-07-27 02:30:31,242 [INFO] Activator:178 - 


2024-07-27 02:30:31,289 [INFO] Activator:179 - !SESSION log4j initialized
2024-07-27 02:31:03,115 [INFO] ApplicationProperties:181 - Using Application install path: C:\ST\STM32CubeIDE_1.4.0\STM32CubeIDE\plugins\com.st.stm32cube.common.mx_6.0.0.202007160824
2024-07-27 02:31:03,167 [INFO] DbMcusXml:70 - Set database path to: C:\ST\STM32CubeIDE_1.4.0\STM32CubeIDE\plugins\com.st.stm32cube.common.mx_6.0.0.202007160824\\db\/mcu/
2024-07-27 02:31:03,180 [INFO] DbBoardsPdsc:56 - Set plugin database path to: C:\ST\STM32CubeIDE_1.4.0\STM32CubeIDE\plugins\com.st.stm32cube.common.mx_6.0.0.202007160824\\db\/plugins/boardmanager/
2024-07-27 02:31:03,180 [INFO] DbMcus:258 - Set plugin images path to: C:\ST\STM32CubeIDE_1.4.0\STM32CubeIDE\plugins\com.st.stm32cube.common.mx_6.0.0.202007160824\\db\/plugins/mcufinder/images/
2024-07-27 02:31:03,180 [INFO] DbBoards:264 - Set plugin images path to: C:\ST\STM32CubeIDE_1.4.0\STM32CubeIDE\plugins\com.st.stm32cube.common.mx_6.0.0.202007160824\\db\/plugins/mcufinder/images/
2024-07-27 02:31:03,185 [INFO] DbExamples:326 - Set plugin images path to: C:\ST\STM32CubeIDE_1.4.0\STM32CubeIDE\plugins\com.st.stm32cube.common.mx_6.0.0.202007160824\\db\/plugins/mcufinder/images/
2024-07-27 02:31:03,328 [INFO] DbMcusDocs:112 - Set database path to: C:\Users\HP\.stmcufinder\plugins\mcufinder//mcu/
2024-07-27 02:31:03,333 [INFO] DbMcusJson:63 - Set database path to: C:\Users\HP\.stmcufinder\plugins\mcufinder//mcu/
2024-07-27 02:31:03,338 [INFO] DbBoardsDocs:112 - Set database path to: C:\Users\HP\.stmcufinder\plugins\mcufinder//mcu/
2024-07-27 02:31:03,348 [INFO] DbBoardsJson:56 - Set database path to: C:\Users\HP\.stmcufinder\plugins\mcufinder//mcu/
2024-07-27 02:31:03,398 [INFO] CrossReferenceDbSqlite:196 - Set database path to: C:\Users\HP\.stmcufinder\plugins\mcufinder//mcu/cs/
2024-07-27 02:31:03,413 [INFO] DbExamplesSqlite:800 - Set database path to: C:\Users\HP\.stmcufinder\plugins\mcufinder//mcu/
2024-07-27 02:31:03,823 [INFO] RulesReader:52 - Compatibility file has been processed (209 Rules)
2024-07-27 02:31:04,351 [INFO] MicroXplorer:564 - Detected Java Version = 1.8.0_252
2024-07-27 02:31:04,351 [INFO] DbMcusXml:70 - Set database path to: C:\ST\STM32CubeIDE_1.4.0\STM32CubeIDE\plugins\com.st.stm32cube.common.mx_6.0.0.202007160824\\db\/mcu/
2024-07-27 02:31:04,351 [INFO] DbBoardsPdsc:56 - Set plugin database path to: C:\ST\STM32CubeIDE_1.4.0\STM32CubeIDE\plugins\com.st.stm32cube.common.mx_6.0.0.202007160824\\db\/plugins/boardmanager/
2024-07-27 02:31:04,356 [INFO] DbMcus:258 - Set plugin images path to: C:\ST\STM32CubeIDE_1.4.0\STM32CubeIDE\plugins\com.st.stm32cube.common.mx_6.0.0.202007160824\\db\/plugins/mcufinder/images/
2024-07-27 02:31:04,356 [INFO] DbBoards:264 - Set plugin images path to: C:\ST\STM32CubeIDE_1.4.0\STM32CubeIDE\plugins\com.st.stm32cube.common.mx_6.0.0.202007160824\\db\/plugins/mcufinder/images/
2024-07-27 02:31:04,356 [INFO] DbExamples:326 - Set plugin images path to: C:\ST\STM32CubeIDE_1.4.0\STM32CubeIDE\plugins\com.st.stm32cube.common.mx_6.0.0.202007160824\\db\/plugins/mcufinder/images/
2024-07-27 02:31:04,356 [WARN] DbFile:36 - Overriding database path with different value: C:\Users\HP\.stmcufinder\plugins\mcufinder/ => C:\Users\HP\.stmcufinder\plugins\mcufinder
2024-07-27 02:31:04,356 [INFO] DbMcusDocs:112 - Set database path to: C:\Users\HP\.stmcufinder\plugins\mcufinder//mcu/
2024-07-27 02:31:04,356 [WARN] DbFile:36 - Overriding database path with different value: C:\Users\HP\.stmcufinder\plugins\mcufinder/ => C:\Users\HP\.stmcufinder\plugins\mcufinder
2024-07-27 02:31:04,356 [INFO] DbMcusJson:63 - Set database path to: C:\Users\HP\.stmcufinder\plugins\mcufinder//mcu/
2024-07-27 02:31:04,356 [WARN] DbFile:36 - Overriding database path with different value: C:\Users\HP\.stmcufinder\plugins\mcufinder/ => C:\Users\HP\.stmcufinder\plugins\mcufinder
2024-07-27 02:31:04,356 [INFO] DbBoardsDocs:112 - Set database path to: C:\Users\HP\.stmcufinder\plugins\mcufinder//mcu/
2024-07-27 02:31:04,361 [WARN] DbFile:36 - Overriding database path with different value: C:\Users\HP\.stmcufinder\plugins\mcufinder/ => C:\Users\HP\.stmcufinder\plugins\mcufinder
2024-07-27 02:31:04,361 [INFO] DbBoardsJson:56 - Set database path to: C:\Users\HP\.stmcufinder\plugins\mcufinder//mcu/
2024-07-27 02:31:04,361 [WARN] DbFile:36 - Overriding database path with different value: C:\Users\HP\.stmcufinder\plugins\mcufinder/ => C:\Users\HP\.stmcufinder\plugins\mcufinder
2024-07-27 02:31:04,361 [WARN] DbFile:36 - Overriding database path with different value: C:\Users\HP\.stmcufinder\plugins\mcufinder/ => C:\Users\HP\.stmcufinder\plugins\mcufinder
2024-07-27 02:31:04,361 [INFO] CrossReferenceDbSqlite:196 - Set database path to: C:\Users\HP\.stmcufinder\plugins\mcufinder//mcu/cs/
2024-07-27 02:31:04,361 [WARN] DbFile:36 - Overriding database path with different value: C:\Users\HP\.stmcufinder\plugins\mcufinder/ => C:\Users\HP\.stmcufinder\plugins\mcufinder
2024-07-27 02:31:04,361 [INFO] DbExamplesSqlite:800 - Set database path to: C:\Users\HP\.stmcufinder\plugins\mcufinder//mcu/
2024-07-27 02:31:04,839 [INFO] MainPanel:189 - HeapMemory: 292552704
2024-07-27 02:31:05,210 [INFO] DbMcusXml:70 - Set database path to: C:\ST\STM32CubeIDE_1.4.0\STM32CubeIDE\plugins\com.st.stm32cube.common.mx_6.0.0.202007160824\\db\/mcu/
2024-07-27 02:31:05,210 [INFO] DbBoardsPdsc:56 - Set plugin database path to: C:\ST\STM32CubeIDE_1.4.0\STM32CubeIDE\plugins\com.st.stm32cube.common.mx_6.0.0.202007160824\\db\/plugins/boardmanager/
2024-07-27 02:31:05,210 [INFO] DbMcus:258 - Set plugin images path to: C:\ST\STM32CubeIDE_1.4.0\STM32CubeIDE\plugins\com.st.stm32cube.common.mx_6.0.0.202007160824\\db\/plugins/mcufinder/images/
2024-07-27 02:31:05,210 [INFO] DbBoards:264 - Set plugin images path to: C:\ST\STM32CubeIDE_1.4.0\STM32CubeIDE\plugins\com.st.stm32cube.common.mx_6.0.0.202007160824\\db\/plugins/mcufinder/images/
2024-07-27 02:31:05,210 [INFO] DbExamples:326 - Set plugin images path to: C:\ST\STM32CubeIDE_1.4.0\STM32CubeIDE\plugins\com.st.stm32cube.common.mx_6.0.0.202007160824\\db\/plugins/mcufinder/images/
2024-07-27 02:31:05,222 [WARN] DbFile:36 - Overriding database path with different value: C:\Users\HP\.stmcufinder\plugins\mcufinder/ => C:\Users\HP\.stmcufinder\plugins\mcufinder
2024-07-27 02:31:05,222 [INFO] DbMcusDocs:112 - Set database path to: C:\Users\HP\.stmcufinder\plugins\mcufinder//mcu/
2024-07-27 02:31:05,222 [WARN] DbFile:36 - Overriding database path with different value: C:\Users\HP\.stmcufinder\plugins\mcufinder/ => C:\Users\HP\.stmcufinder\plugins\mcufinder
2024-07-27 02:31:05,222 [INFO] DbMcusJson:63 - Set database path to: C:\Users\HP\.stmcufinder\plugins\mcufinder//mcu/
2024-07-27 02:31:05,222 [WARN] DbFile:36 - Overriding database path with different value: C:\Users\HP\.stmcufinder\plugins\mcufinder/ => C:\Users\HP\.stmcufinder\plugins\mcufinder
2024-07-27 02:31:05,222 [INFO] DbBoardsDocs:112 - Set database path to: C:\Users\HP\.stmcufinder\plugins\mcufinder//mcu/
2024-07-27 02:31:05,222 [WARN] DbFile:36 - Overriding database path with different value: C:\Users\HP\.stmcufinder\plugins\mcufinder/ => C:\Users\HP\.stmcufinder\plugins\mcufinder
2024-07-27 02:31:05,222 [INFO] DbBoardsJson:56 - Set database path to: C:\Users\HP\.stmcufinder\plugins\mcufinder//mcu/
2024-07-27 02:31:05,222 [WARN] DbFile:36 - Overriding database path with different value: C:\Users\HP\.stmcufinder\plugins\mcufinder/ => C:\Users\HP\.stmcufinder\plugins\mcufinder
2024-07-27 02:31:05,222 [WARN] DbFile:36 - Overriding database path with different value: C:\Users\HP\.stmcufinder\plugins\mcufinder/ => C:\Users\HP\.stmcufinder\plugins\mcufinder
2024-07-27 02:31:05,222 [INFO] CrossReferenceDbSqlite:196 - Set database path to: C:\Users\HP\.stmcufinder\plugins\mcufinder//mcu/cs/
2024-07-27 02:31:05,222 [WARN] DbFile:36 - Overriding database path with different value: C:\Users\HP\.stmcufinder\plugins\mcufinder/ => C:\Users\HP\.stmcufinder\plugins\mcufinder
2024-07-27 02:31:05,222 [INFO] DbExamplesSqlite:800 - Set database path to: C:\Users\HP\.stmcufinder\plugins\mcufinder//mcu/
2024-07-27 02:31:05,369 [INFO] ApplicationProperties:181 - Using Application install path: C:\ST\STM32CubeIDE_1.4.0\STM32CubeIDE\plugins\com.st.stm32cube.common.mx_6.0.0.202007160824
2024-07-27 02:31:05,374 [INFO] PluginManage:178 - Search for loadable plugins [exclusion list=, ]
2024-07-27 02:31:05,426 [INFO] PluginManage:292 - Check plugin analytics
2024-07-27 02:31:05,821 [INFO] AnalyticsPlugin:203 - Accepted Software Licenses: 
2024-07-27 02:31:05,821 [INFO] AnalyticsPlugin:205 - Accepted CMSIS Pack Licenses: 
2024-07-27 02:31:05,821 [INFO] AnalyticsPlugin:207 - Accepted Firmware Licenses: 
2024-07-27 02:31:05,821 [INFO] PluginManage:342 - Loaded plugin analytics (category:tool,tabindex:-1)
2024-07-27 02:31:05,821 [INFO] PluginManage:292 - Check plugin clock
2024-07-27 02:31:05,870 [INFO] PluginManage:342 - Loaded plugin clock (category:base,tabindex:2)
2024-07-27 02:31:05,870 [INFO] PluginManage:292 - Check plugin ddr
2024-07-27 02:31:05,915 [INFO] PluginManage:342 - Loaded plugin ddr (category:tool,tabindex:6)
2024-07-27 02:31:05,915 [INFO] PluginManage:292 - Check plugin filemanager
2024-07-27 02:31:06,489 [INFO] PluginManage:342 - Loaded plugin filemanager (category:base,tabindex:10)
2024-07-27 02:31:06,489 [INFO] PluginManage:292 - Check plugin ipmanager
2024-07-27 02:31:06,555 [INFO] PluginManage:342 - Loaded plugin ipmanager (category:base,tabindex:5)
2024-07-27 02:31:06,555 [INFO] PluginManage:292 - Check plugin pinoutandconfiguration
2024-07-27 02:31:06,638 [INFO] PluginManage:342 - Loaded plugin pinoutandconfiguration (category:base,tabindex:1)
2024-07-27 02:31:06,643 [INFO] PluginManage:292 - Check plugin pinoutconfig
2024-07-27 02:31:06,843 [INFO] PluginManage:342 - Loaded plugin pinoutconfig (category:base,tabindex:0)
2024-07-27 02:31:06,843 [INFO] PluginManage:292 - Check plugin power
2024-07-27 02:31:06,965 [INFO] PluginManage:342 - Loaded plugin power (category:power,tabindex:4)
2024-07-27 02:31:06,970 [INFO] PluginManage:292 - Check plugin projectmanager
2024-07-27 02:31:07,048 [INFO] PluginManage:342 - Loaded plugin projectmanager (category:projectmanager,tabindex:3)
2024-07-27 02:31:07,048 [INFO] PluginManage:292 - Check plugin thirdparty
2024-07-27 02:31:07,492 [INFO] ThirdPartyDb:333 - Open Third Party DataBase File (C:/Users/HP/.stm32cubemx/plugins/thirdparty/db/thirdparties_db.xml) : 125 ms. number of Sw pack : 47
2024-07-27 02:31:07,497 [INFO] PluginManage:342 - Loaded plugin thirdparty (category:base,tabindex:-1)
2024-07-27 02:31:07,502 [INFO] PluginManage:292 - Check plugin tools
2024-07-27 02:31:07,632 [INFO] PluginManage:342 - Loaded plugin tools (category:base,tabindex:7)
2024-07-27 02:31:07,637 [INFO] PluginManage:292 - Check plugin tutovideos
2024-07-27 02:31:08,177 [INFO] PluginManage:342 - Loaded plugin tutovideos (category:base,tabindex:-1)
2024-07-27 02:31:08,177 [INFO] PluginManage:292 - Check plugin updater
2024-07-27 02:31:08,267 [INFO] PluginManage:342 - Loaded plugin updater (category:base,tabindex:12)
2024-07-27 02:31:08,267 [INFO] PluginManage:265 - PluginManage : Loaded plugins [13]
2024-07-27 02:31:08,963 [INFO] PinOutPanel:1418 - setPackage(No Configuration,No Configuration)
2024-07-27 02:31:09,381 [INFO] IPUIPlugin:64 - create IPUIPlugin
2024-07-27 02:31:09,381 [INFO] PluginManager:200 - loadIPPluginJar : add adc
2024-07-27 02:31:09,482 [INFO] IPUIPlugin:64 - create IPUIPlugin
2024-07-27 02:31:09,482 [INFO] PluginManager:200 - loadIPPluginJar : add aes
2024-07-27 02:31:09,629 [INFO] IPUIPlugin:64 - create IPUIPlugin
2024-07-27 02:31:09,629 [INFO] PluginManager:200 - loadIPPluginJar : add can
2024-07-27 02:31:09,708 [INFO] IPUIPlugin:64 - create IPUIPlugin
2024-07-27 02:31:09,708 [INFO] PluginManager:200 - loadIPPluginJar : add comp
2024-07-27 02:31:09,770 [INFO] IPUIPlugin:64 - create IPUIPlugin
2024-07-27 02:31:09,770 [INFO] PluginManager:200 - loadIPPluginJar : add cryp
2024-07-27 02:31:09,846 [INFO] IPUIPlugin:64 - create IPUIPlugin
2024-07-27 02:31:09,846 [INFO] PluginManager:200 - loadIPPluginJar : add dfsdm
2024-07-27 02:31:09,878 [INFO] IPUIPlugin:64 - create IPUIPlugin
2024-07-27 02:31:09,878 [INFO] PluginManager:200 - loadIPPluginJar : add dma
2024-07-27 02:31:09,973 [INFO] IPUIPlugin:64 - create IPUIPlugin
2024-07-27 02:31:09,978 [INFO] PluginManager:200 - loadIPPluginJar : add fatfs
2024-07-27 02:31:10,098 [INFO] IPUIPlugin:64 - create IPUIPlugin
2024-07-27 02:31:10,098 [INFO] PluginManager:200 - loadIPPluginJar : add fmc
2024-07-27 02:31:10,174 [INFO] IPUIPlugin:64 - create IPUIPlugin
2024-07-27 02:31:10,174 [INFO] PluginManager:200 - loadIPPluginJar : add freertos
2024-07-27 02:31:10,264 [INFO] IPUIPlugin:64 - create IPUIPlugin
2024-07-27 02:31:10,264 [INFO] PluginManager:200 - loadIPPluginJar : add genericplugin
2024-07-27 02:31:10,455 [INFO] IPUIPlugin:64 - create IPUIPlugin
2024-07-27 02:31:10,455 [INFO] PluginManager:200 - loadIPPluginJar : add gfxmmu
2024-07-27 02:31:10,714 [INFO] IPUIPlugin:64 - create IPUIPlugin
2024-07-27 02:31:10,714 [INFO] PluginManager:200 - loadIPPluginJar : add gic
2024-07-27 02:31:10,737 [INFO] IPUIPlugin:64 - create IPUIPlugin
2024-07-27 02:31:10,737 [INFO] PluginManager:200 - loadIPPluginJar : add gpio
2024-07-27 02:31:10,957 [INFO] IPUIPlugin:64 - create IPUIPlugin
2024-07-27 02:31:10,957 [INFO] PluginManager:200 - loadIPPluginJar : add gtzc
2024-07-27 02:31:11,032 [INFO] IPUIPlugin:64 - create IPUIPlugin
2024-07-27 02:31:11,032 [INFO] PluginManager:200 - loadIPPluginJar : add hash
2024-07-27 02:31:11,139 [INFO] IPUIPlugin:64 - create IPUIPlugin
2024-07-27 02:31:11,139 [INFO] PluginManager:200 - loadIPPluginJar : add i2c
2024-07-27 02:31:11,251 [INFO] IPUIPlugin:64 - create IPUIPlugin
2024-07-27 02:31:11,251 [INFO] PluginManager:200 - loadIPPluginJar : add i2s
2024-07-27 02:31:11,301 [INFO] IPUIPlugin:64 - create IPUIPlugin
2024-07-27 02:31:11,301 [INFO] PluginManager:200 - loadIPPluginJar : add ipddr
2024-07-27 02:31:11,382 [INFO] IPUIPlugin:64 - create IPUIPlugin
2024-07-27 02:31:11,382 [INFO] PluginManager:200 - loadIPPluginJar : add ltdc
2024-07-27 02:31:11,408 [INFO] IPUIPlugin:64 - create IPUIPlugin
2024-07-27 02:31:11,408 [INFO] PluginManager:200 - loadIPPluginJar : add mdma
2024-07-27 02:31:11,428 [INFO] IPUIPlugin:64 - create IPUIPlugin
2024-07-27 02:31:11,428 [INFO] PluginManager:200 - loadIPPluginJar : add nvic
2024-07-27 02:31:11,533 [INFO] IPUIPlugin:64 - create IPUIPlugin
2024-07-27 02:31:11,533 [INFO] PluginManager:200 - loadIPPluginJar : add opamp
2024-07-27 02:31:11,669 [INFO] IPUIPlugin:64 - create IPUIPlugin
2024-07-27 02:31:11,669 [INFO] PluginManager:200 - loadIPPluginJar : add openamp
2024-07-27 02:31:11,784 [INFO] IPUIPlugin:64 - create IPUIPlugin
2024-07-27 02:31:11,784 [INFO] PluginManager:200 - loadIPPluginJar : add pdm2pcm
2024-07-27 02:31:11,839 [INFO] IPUIPlugin:64 - create IPUIPlugin
2024-07-27 02:31:11,844 [INFO] PluginManager:200 - loadIPPluginJar : add plateformsettings
2024-07-27 02:31:11,924 [INFO] IPUIPlugin:64 - create IPUIPlugin
2024-07-27 02:31:11,924 [INFO] PluginManager:200 - loadIPPluginJar : add quadspi
2024-07-27 02:31:11,959 [INFO] IPUIPlugin:64 - create IPUIPlugin
2024-07-27 02:31:11,959 [INFO] PluginManager:200 - loadIPPluginJar : add resmgrutility
2024-07-27 02:31:12,069 [INFO] IPUIPlugin:64 - create IPUIPlugin
2024-07-27 02:31:12,069 [INFO] PluginManager:200 - loadIPPluginJar : add sai
2024-07-27 02:31:12,143 [INFO] IPUIPlugin:64 - create IPUIPlugin
2024-07-27 02:31:12,143 [INFO] PluginManager:200 - loadIPPluginJar : add spi
2024-07-27 02:31:12,251 [INFO] IPUIPlugin:64 - create IPUIPlugin
2024-07-27 02:31:12,251 [INFO] PluginManager:200 - loadIPPluginJar : add stm32_wpan
2024-07-27 02:31:12,333 [INFO] IPUIPlugin:64 - create IPUIPlugin
2024-07-27 02:31:12,333 [INFO] PluginManager:200 - loadIPPluginJar : add tim
2024-07-27 02:31:12,454 [INFO] IPUIPlugin:64 - create IPUIPlugin
2024-07-27 02:31:12,454 [INFO] PluginManager:200 - loadIPPluginJar : add touchsensing
2024-07-27 02:31:12,510 [INFO] IPUIPlugin:64 - create IPUIPlugin
2024-07-27 02:31:12,510 [INFO] PluginManager:200 - loadIPPluginJar : add tracer_emb
2024-07-27 02:31:12,588 [INFO] IPUIPlugin:64 - create IPUIPlugin
2024-07-27 02:31:12,588 [INFO] PluginManager:200 - loadIPPluginJar : add ts
2024-07-27 02:31:12,643 [INFO] IPUIPlugin:64 - create IPUIPlugin
2024-07-27 02:31:12,643 [INFO] PluginManager:200 - loadIPPluginJar : add tsc
2024-07-27 02:31:12,693 [INFO] IPUIPlugin:64 - create IPUIPlugin
2024-07-27 02:31:12,698 [INFO] PluginManager:200 - loadIPPluginJar : add ucpd
2024-07-27 02:31:12,789 [INFO] IPUIPlugin:64 - create IPUIPlugin
2024-07-27 02:31:12,789 [INFO] PluginManager:200 - loadIPPluginJar : add usart
2024-07-27 02:31:14,869 [INFO] CubeProgrammer:457 - [DDR PANEL] - PathOfProgrammer: null
2024-07-27 02:31:16,142 [FATAL] Updater:282 - Updater called before beeing initialized
2024-07-27 02:31:16,705 [FATAL] Updater:282 - Updater called before beeing initialized
2024-07-27 02:31:16,710 [WARN] ThirdParty:775 - waiting for thirdparty lock release [close project]
2024-07-27 02:31:16,710 [INFO] ThirdParty:777 - entering critical section [close project]
2024-07-27 02:31:16,710 [INFO] ThirdParty:790 - exiting critical section [close project]
2024-07-27 02:31:16,710 [INFO] PinOutPanel:1418 - setPackage(No Configuration,No Configuration)
2024-07-27 02:31:16,715 [FATAL] Updater:282 - Updater called before beeing initialized
2024-07-27 02:31:16,782 [ERROR] Updater:967 - MainUpdater not yet initialized. External WinMGr cannot be set.
2024-07-27 02:31:16,787 [INFO] CubeProgrammer:457 - [DDR PANEL] - PathOfProgrammer: C:\ST\STM32CubeIDE_1.4.0\STM32CubeIDE\plugins\com.st.stm32cube.ide.mcu.externaltools.cubeprogrammer.win32_1.4.0.202007081208\tools\bin
2024-07-27 02:31:16,807 [INFO] ProgrammerExecThread:148 - [ProgrammerAPI] CubeProgrammer command construction: C:\ST\STM32CubeIDE_1.4.0\STM32CubeIDE\plugins\com.st.stm32cube.ide.mcu.externaltools.cubeprogrammer.win32_1.4.0.202007081208\tools\bin\STM32_Programmer_CLI.exe -l
2024-07-27 02:31:19,859 [INFO] MainDdrPanel:49 - [DDR PANEL] SETTER - Set cubeProgrammerPath to: C:\ST\STM32CubeIDE_1.4.0\STM32CubeIDE\plugins\com.st.stm32cube.ide.mcu.externaltools.cubeprogrammer.win32_1.4.0.202007081208\tools\bin
2024-07-27 02:31:20,244 [INFO] Updater:904 - Updater Version found : 6.0.0
2024-07-27 02:31:20,329 [INFO] ApplicationProperties:181 - Using Application install path: C:\ST\STM32CubeIDE_1.4.0\STM32CubeIDE\plugins\com.st.stm32cube.common.mx_6.0.0.202007160824
2024-07-27 02:31:22,099 [INFO] MainUpdater:2268 - connection check result : 10
2024-07-27 02:31:22,099 [INFO] MainUpdater:239 - Updater Check For Update Now.
2024-07-27 02:31:22,104 [INFO] MicroXplorer:414 - Change Database Version : DB.6.0.0
2024-07-27 02:31:22,494 [INFO] CheckServerUpdateThread:102 - End of CheckServer Thread
2024-07-27 02:31:22,544 [WARN] IntegrityCheckThread:61 - waiting for thirdparty lock release [integrity check]
2024-07-27 02:31:22,544 [INFO] IntegrityCheckThread:63 - entering critical section [integrity check]
2024-07-27 02:31:22,604 [INFO] MainUpdater:2268 - connection check result : 10
2024-07-27 02:31:23,112 [INFO] ServerAccessManage:348 - Download File mcusDocs.json._tmp_
2024-07-27 02:31:23,241 [INFO] ThirdPartyDb:299 - Save Third Party DataBase File (C:/Users/HP/.stm32cubemx/plugins/thirdparty/db/thirdparties_db.xml) [forced]
2024-07-27 02:31:23,371 [WARN] MainUpdater:1111 - Updater busy. Cannot search getThirdPartyDeniedPacksFromList
2024-07-27 02:31:23,489 [INFO] LoadUrlFilesThread:135 - End of LoadUrlFiles Thread
2024-07-27 02:31:23,627 [INFO] ServerAccessManage:348 - Download File mcusFeaturesAndDescription.json._tmp_
2024-07-27 02:31:26,380 [WARN] MainUpdater:1111 - Updater busy. Cannot search getThirdPartyDeniedPacksFromList
2024-07-27 02:31:29,381 [WARN] MainUpdater:1111 - Updater busy. Cannot search getThirdPartyDeniedPacksFromList
2024-07-27 02:31:32,392 [WARN] MainUpdater:1111 - Updater busy. Cannot search getThirdPartyDeniedPacksFromList
2024-07-27 02:31:35,404 [WARN] MainUpdater:1111 - Updater busy. Cannot search getThirdPartyDeniedPacksFromList
2024-07-27 02:31:38,411 [WARN] MainUpdater:1111 - Updater busy. Cannot search getThirdPartyDeniedPacksFromList
2024-07-27 02:31:39,924 [INFO] LoadUrlFilesThread:135 - End of LoadUrlFiles Thread
2024-07-27 02:31:40,109 [INFO] ServerAccessManage:348 - Download File boardsDocs.json._tmp_
2024-07-27 02:31:40,213 [INFO] LoadUrlFilesThread:135 - End of LoadUrlFiles Thread
2024-07-27 02:31:40,398 [INFO] ServerAccessManage:348 - Download File boards.json._tmp_
2024-07-27 02:31:41,168 [INFO] LoadUrlFilesThread:135 - End of LoadUrlFiles Thread
2024-07-27 02:31:41,413 [WARN] MainUpdater:1111 - Updater busy. Cannot search getThirdPartyDeniedPacksFromList
2024-07-27 02:31:41,939 [INFO] ServerAccessManage:348 - Download File cube-finder-db.zip
2024-07-27 02:31:44,422 [WARN] MainUpdater:1111 - Updater busy. Cannot search getThirdPartyDeniedPacksFromList
2024-07-27 02:31:47,441 [WARN] MainUpdater:1111 - Updater busy. Cannot search getThirdPartyDeniedPacksFromList
2024-07-27 02:31:50,442 [WARN] MainUpdater:1111 - Updater busy. Cannot search getThirdPartyDeniedPacksFromList
2024-07-27 02:31:53,456 [WARN] MainUpdater:1111 - Updater busy. Cannot search getThirdPartyDeniedPacksFromList
2024-07-27 02:31:56,470 [WARN] MainUpdater:1111 - Updater busy. Cannot search getThirdPartyDeniedPacksFromList
2024-07-27 02:31:59,474 [WARN] MainUpdater:1111 - Updater busy. Cannot search getThirdPartyDeniedPacksFromList
2024-07-27 02:32:02,480 [WARN] MainUpdater:1111 - Updater busy. Cannot search getThirdPartyDeniedPacksFromList
2024-07-27 02:32:05,489 [WARN] MainUpdater:1111 - Updater busy. Cannot search getThirdPartyDeniedPacksFromList
2024-07-27 02:32:08,489 [INFO] ThirdPartyDb:299 - Save Third Party DataBase File (C:/Users/HP/.stm32cubemx/plugins/thirdparty/db/thirdparties_db.xml) [forced]
2024-07-27 02:32:08,545 [INFO] IntegrityCheckThread:76 - exiting critical section [integrity check]
2024-07-27 02:32:08,545 [INFO] IntegrityCheckThread:79 - End integrity checks thread
2024-07-27 02:32:52,050 [INFO] FileExtend:225 - Unzip File : cube-finder-db.zip
2024-07-27 02:32:52,055 [INFO] FileExtend:240 - Standard Zip Deflate
2024-07-27 02:33:00,852 [INFO] LoadUrlFilesThread:135 - End of LoadUrlFiles Thread
2024-07-27 02:33:01,513 [INFO] ServerAccessManage:348 - Download File crdb.zip
2024-07-27 02:33:03,043 [INFO] FileExtend:225 - Unzip File : crdb.zip
2024-07-27 02:33:03,053 [INFO] FileExtend:240 - Standard Zip Deflate
2024-07-27 02:33:03,138 [INFO] LoadUrlFilesThread:135 - End of LoadUrlFiles Thread
2024-07-27 02:33:04,390 [INFO] ServerAccessManage:348 - Download File tutoVideoDB.zip
2024-07-27 02:33:04,705 [INFO] FileExtend:225 - Unzip File : tutoVideoDB.zip
2024-07-27 02:33:04,705 [INFO] FileExtend:240 - Standard Zip Deflate
2024-07-27 02:33:04,715 [INFO] LoadUrlFilesThread:135 - End of LoadUrlFiles Thread
2024-07-27 02:33:04,866 [INFO] DbMcusDocs:145 - JSON generation date=Tue Nov 16 18:17:54 EET 2021 (1637079474)
2024-07-27 02:33:04,866 [INFO] DbMcusXml:100 - Load MCU database from C:\ST\STM32CubeIDE_1.4.0\STM32CubeIDE\plugins\com.st.stm32cube.common.mx_6.0.0.202007160824\\db\/mcu/families.xml
2024-07-27 02:33:07,889 [INFO] DbMcusJson:92 - JSON generation date=Tue Nov 16 18:17:54 EET 2021 (1637079474)
2024-07-27 02:33:09,377 [INFO] DbMcus:175 - Found 1761 MCUs (1722 are supported by CubeMX, 1911 are visible in CubeMX)
2024-07-27 02:33:09,537 [INFO] ApiDb:201 - Load user favorites file C:\Users\HP/.stm32cubemx/favorites.mcus.txt: 0 item(s)
2024-07-27 02:33:09,537 [INFO] ApiDb:205 - User favorites MCUs=[]
2024-07-27 02:33:09,537 [INFO] DbMcus:187 - Set 0 / 0 favorites MCUs
2024-07-27 02:33:09,887 [INFO] DbMcusDocs:81 - Found 682 MCUs documents
2024-07-27 02:33:09,892 [INFO] ApiDb:226 - Save user favorites file C:\Users\HP/.stm32cubemx/favorites.mcus.txt: 0 item(s)
2024-07-27 02:33:09,892 [INFO] ApiDb:230 - User favorites MCUs=[]
2024-07-27 02:33:09,892 [INFO] DbMcusXml:100 - Load MCU database from C:\ST\STM32CubeIDE_1.4.0\STM32CubeIDE\plugins\com.st.stm32cube.common.mx_6.0.0.202007160824\\db\/mcu/families.xml
2024-07-27 02:33:11,070 [INFO] DbMcusJson:92 - JSON generation date=Tue Nov 16 18:17:54 EET 2021 (1637079474)
2024-07-27 02:33:11,689 [INFO] DbMcus:175 - Found 1761 MCUs (1722 are supported by CubeMX, 1911 are visible in CubeMX)
2024-07-27 02:33:11,689 [INFO] ApiDb:201 - Load user favorites file C:\Users\HP/.stm32cubemx/favorites.mcus.txt: 0 item(s)
2024-07-27 02:33:11,689 [INFO] ApiDb:205 - User favorites MCUs=[]
2024-07-27 02:33:11,689 [INFO] DbMcus:187 - Set 0 / 0 favorites MCUs
2024-07-27 02:33:11,735 [INFO] DbBoardsDocs:145 - JSON generation date=Tue Nov 16 18:17:54 EET 2021 (1637079474)
2024-07-27 02:33:11,828 [INFO] DbBoardsPdsc:94 - Found 23 items
2024-07-27 02:33:11,840 [INFO] DbBoardsPdsc:94 - Found 9 items
2024-07-27 02:33:11,860 [INFO] DbBoardsPdsc:94 - Found 29 items
2024-07-27 02:33:11,895 [INFO] DbBoardsPdsc:94 - Found 1 items
2024-07-27 02:33:11,935 [INFO] DbBoardsPdsc:94 - Found 44 items
2024-07-27 02:33:11,971 [INFO] DbBoardsPdsc:94 - Found 40 items
2024-07-27 02:33:12,006 [INFO] DbBoardsPdsc:94 - Found 2 items
2024-07-27 02:33:12,029 [INFO] DbBoardsPdsc:94 - Found 4 items
2024-07-27 02:33:12,034 [WARN] DbBoardsPdsc:258 - Board STM32H7B3I-DK: unknown feature type=Audio, name=, username=Audio stereo codec with Headphone Amp (CS42L51-CNZ), n=1
2024-07-27 02:33:12,034 [WARN] DbBoardsPdsc:258 - Board STM32H735G-DK: unknown feature type=Audio, name=, username=Audio stereo codec with Headphone Amp (WM8994ECS/R), n=1
2024-07-27 02:33:12,039 [WARN] DbBoardsPdsc:258 - Board STM32H7B3I-EVAL: unknown feature type=Audio, name=, username=Multi-Channel Audio Codec (CS42L51-CNZ), n=1
2024-07-27 02:33:12,039 [WARN] DbBoardsPdsc:258 - Board STM32H7B3I-EVAL: unknown feature type=Meter, name=, username=Power-metering and Temperature-monitoring with sigma-delta modulators, n=1
2024-07-27 02:33:12,039 [WARN] DbBoardsPdsc:258 - Board STM32H7B3I-EVAL: unknown feature type=Motor, name=, username=Motor Control, n=1
2024-07-27 02:33:12,180 [INFO] DbBoardsJson:85 - JSON generation date=Tue Nov 16 18:17:54 EET 2021 (1637079474)
2024-07-27 02:33:12,190 [INFO] DbBoards:117 - Found 166 boards (149 are supported by CubeMX)
2024-07-27 02:33:12,195 [INFO] DbBoardsDocs:145 - JSON generation date=Tue Nov 16 18:17:54 EET 2021 (1637079474)
2024-07-27 02:33:12,205 [INFO] DbBoardsDocs:81 - Found 209 boards documents
2024-07-27 02:33:12,207 [WARN] DbBoards:127 - board B-L475E-IOT01A2 has no document id list !
2024-07-27 02:33:12,207 [WARN] DbBoards:127 - board NUCLEO-H743ZI has no document id list !
2024-07-27 02:33:12,207 [WARN] DbBoards:127 - board P-NUCLEO-WB55-Nucleo has no document id list !
2024-07-27 02:33:12,207 [WARN] DbBoards:127 - board P-NUCLEO-WB55-USBDongle has no document id list !
2024-07-27 02:33:12,207 [WARN] DbBoards:127 - board STEVAL-BFA001V1B has no document id list !
2024-07-27 02:33:12,207 [WARN] DbBoards:127 - board STEVAL-BFA001V2B has no document id list !
2024-07-27 02:33:12,207 [WARN] DbBoards:127 - board STEVAL-IDP005V1 has no document id list !
2024-07-27 02:33:12,212 [WARN] DbBoards:127 - board STEVAL-IDP005V2 has no document id list !
2024-07-27 02:33:12,212 [WARN] DbBoards:127 - board STEVAL-MKSBOX1V1 has no document id list !
2024-07-27 02:33:12,212 [WARN] DbBoards:127 - board STEVAL-STWINKT1 has no document id list !
2024-07-27 02:33:12,212 [WARN] DbBoards:127 - board STEVAL-STWINKT1B has no document id list !
2024-07-27 02:33:12,212 [WARN] DbBoards:127 - board STM32439I-EVAL2 has no document id list !
2024-07-27 02:33:12,212 [WARN] DbBoards:127 - board STM32F401C-DISCO has no document id list !
2024-07-27 02:33:12,212 [WARN] DbBoards:127 - board STM32F769I-DISC1 has no document id list !
2024-07-27 02:33:12,212 [WARN] DbBoards:127 - board STM32G474E-EVAL1 has no document id list !
2024-07-27 02:33:12,212 [WARN] DbBoards:127 - board STM32H743I-EVAL2 has no document id list !
2024-07-27 02:33:12,212 [WARN] DbBoards:127 - board STM32H747I-DISC1 has no document id list !
2024-07-27 02:33:12,217 [WARN] DbBoards:127 - board STM32H753I-EVAL2 has no document id list !
2024-07-27 02:33:12,217 [WARN] DbBoards:127 - board STM32L-DISCOVERY has no document id list !
2024-07-27 02:33:12,627 [ERROR] DbBoards:189 - Image file not found for board B-L462E-CELL1: C:\ST\STM32CubeIDE_1.4.0\STM32CubeIDE\plugins\com.st.stm32cube.common.mx_6.0.0.202007160824\\db\/plugins/mcufinder/images/boards/B-L462E-CELL1_small.jpg
2024-07-27 02:33:12,742 [ERROR] DbBoards:189 - Image file not found for board B-U585I-IOT02A: C:\ST\STM32CubeIDE_1.4.0\STM32CubeIDE\plugins\com.st.stm32cube.common.mx_6.0.0.202007160824\\db\/plugins/mcufinder/images/boards/B-U585I-IOT02A_small.jpg
2024-07-27 02:33:13,320 [ERROR] DbBoards:189 - Image file not found for board NUCLEO-F413ZH: C:\ST\STM32CubeIDE_1.4.0\STM32CubeIDE\plugins\com.st.stm32cube.common.mx_6.0.0.202007160824\\db\/plugins/mcufinder/images/boards/nucleo-f413zh_small.jpg
2024-07-27 02:33:13,640 [ERROR] DbBoards:189 - Image file not found for board NUCLEO-L552ZE-Q: C:\ST\STM32CubeIDE_1.4.0\STM32CubeIDE\plugins\com.st.stm32cube.common.mx_6.0.0.202007160824\\db\/plugins/mcufinder/images/boards/nucleo_l552ze_q_small.jpg
2024-07-27 02:33:13,640 [ERROR] DbBoards:189 - Image file not found for board NUCLEO-U575ZI-Q: C:\ST\STM32CubeIDE_1.4.0\STM32CubeIDE\plugins\com.st.stm32cube.common.mx_6.0.0.202007160824\\db\/plugins/mcufinder/images/boards/nucleo-u575zi-q_small.jpg
2024-07-27 02:33:13,640 [ERROR] DbBoards:189 - Image file not found for board NUCLEO-WB15CC: C:\ST\STM32CubeIDE_1.4.0\STM32CubeIDE\plugins\com.st.stm32cube.common.mx_6.0.0.202007160824\\db\/plugins/mcufinder/images/boards/nucleo-wb15cc_small.jpg
2024-07-27 02:33:13,640 [ERROR] DbBoards:189 - Image file not found for board NUCLEO-WB55RG: C:\ST\STM32CubeIDE_1.4.0\STM32CubeIDE\plugins\com.st.stm32cube.common.mx_6.0.0.202007160824\\db\/plugins/mcufinder/images/boards/nucleo-wb55rg_small.jpg
2024-07-27 02:33:13,640 [ERROR] DbBoards:189 - Image file not found for board NUCLEO-WL55JC: C:\ST\STM32CubeIDE_1.4.0\STM32CubeIDE\plugins\com.st.stm32cube.common.mx_6.0.0.202007160824\\db\/plugins/mcufinder/images/boards/nucleo-wl55jc-small.jpg
2024-07-27 02:33:14,258 [ERROR] DbBoards:189 - Image file not found for board STEVAL-STWINKT1B: C:\ST\STM32CubeIDE_1.4.0\STM32CubeIDE\plugins\com.st.stm32cube.common.mx_6.0.0.202007160824\\db\/plugins/mcufinder/images/boards/steval-stwinkt1b_small.jpg
2024-07-27 02:33:15,276 [ERROR] DbBoards:189 - Image file not found for board STM32G0C1E-EV: C:\ST\STM32CubeIDE_1.4.0\STM32CubeIDE\plugins\com.st.stm32cube.common.mx_6.0.0.202007160824\\db\/plugins/mcufinder/images/boards/stm32g0c1e-eval_small.jpg
2024-07-27 02:33:15,630 [ERROR] DbBoards:189 - Image file not found for board STM32H7B3I-EVAL: C:\ST\STM32CubeIDE_1.4.0\STM32CubeIDE\plugins\com.st.stm32cube.common.mx_6.0.0.202007160824\\db\/plugins/mcufinder/images/boards/stm32h7b3ieval_small.jpg
2024-07-27 02:33:16,430 [ERROR] DbBoards:189 - Image file not found for board STM32U575I-EV: C:\ST\STM32CubeIDE_1.4.0\STM32CubeIDE\plugins\com.st.stm32cube.common.mx_6.0.0.202007160824\\db\/plugins/mcufinder/images/boards/stm32u575i-ev_small.jpg
2024-07-27 02:33:16,495 [ERROR] DbBoards:189 - Image file not found for board STM32WB5MM-DK: C:\ST\STM32CubeIDE_1.4.0\STM32CubeIDE\plugins\com.st.stm32cube.common.mx_6.0.0.202007160824\\db\/plugins/mcufinder/images/boards/STM32WB5MM-DK_small.jpg
2024-07-27 02:33:16,505 [INFO] ApiDb:201 - Load user favorites file C:\Users\HP/.stm32cubemx/favorites.boards.txt: 0 item(s)
2024-07-27 02:33:16,505 [INFO] ApiDb:205 - User favorites Boards=[]
2024-07-27 02:33:16,505 [INFO] DbBoards:206 - Set 0 / 0 favorites Boards
2024-07-27 02:33:16,510 [INFO] DbBoardsDocs:81 - Found 418 boards documents
2024-07-27 02:33:16,510 [INFO] ApiDb:226 - Save user favorites file C:\Users\HP/.stm32cubemx/favorites.boards.txt: 0 item(s)
2024-07-27 02:33:16,510 [INFO] ApiDb:230 - User favorites Boards=[]
2024-07-27 02:33:16,515 [INFO] DbBoardsPdsc:94 - Found 23 items
2024-07-27 02:33:16,515 [INFO] DbBoardsPdsc:94 - Found 9 items
2024-07-27 02:33:16,520 [INFO] DbBoardsPdsc:94 - Found 29 items
2024-07-27 02:33:16,520 [INFO] DbBoardsPdsc:94 - Found 1 items
2024-07-27 02:33:16,530 [INFO] DbBoardsPdsc:94 - Found 44 items
2024-07-27 02:33:16,555 [INFO] DbBoardsPdsc:94 - Found 40 items
2024-07-27 02:33:16,560 [INFO] DbBoardsPdsc:94 - Found 2 items
2024-07-27 02:33:16,560 [INFO] DbBoardsPdsc:94 - Found 4 items
2024-07-27 02:33:16,565 [WARN] DbBoardsPdsc:258 - Board STM32H7B3I-DK: unknown feature type=Audio, name=, username=Audio stereo codec with Headphone Amp (CS42L51-CNZ), n=1
2024-07-27 02:33:16,565 [WARN] DbBoardsPdsc:258 - Board STM32H735G-DK: unknown feature type=Audio, name=, username=Audio stereo codec with Headphone Amp (WM8994ECS/R), n=1
2024-07-27 02:33:16,570 [WARN] DbBoardsPdsc:258 - Board STM32H7B3I-EVAL: unknown feature type=Audio, name=, username=Multi-Channel Audio Codec (CS42L51-CNZ), n=1
2024-07-27 02:33:16,570 [WARN] DbBoardsPdsc:258 - Board STM32H7B3I-EVAL: unknown feature type=Meter, name=, username=Power-metering and Temperature-monitoring with sigma-delta modulators, n=1
2024-07-27 02:33:16,570 [WARN] DbBoardsPdsc:258 - Board STM32H7B3I-EVAL: unknown feature type=Motor, name=, username=Motor Control, n=1
2024-07-27 02:33:16,595 [INFO] DbBoardsJson:85 - JSON generation date=Tue Nov 16 18:17:54 EET 2021 (1637079474)
2024-07-27 02:33:16,605 [INFO] DbBoards:117 - Found 166 boards (149 are supported by CubeMX)
2024-07-27 02:33:16,605 [WARN] DbBoards:127 - board B-L475E-IOT01A2 has no document id list !
2024-07-27 02:33:16,605 [WARN] DbBoards:127 - board NUCLEO-H743ZI has no document id list !
2024-07-27 02:33:16,605 [WARN] DbBoards:127 - board P-NUCLEO-WB55-Nucleo has no document id list !
2024-07-27 02:33:16,605 [WARN] DbBoards:127 - board P-NUCLEO-WB55-USBDongle has no document id list !
2024-07-27 02:33:16,605 [WARN] DbBoards:127 - board STEVAL-BFA001V1B has no document id list !
2024-07-27 02:33:16,605 [WARN] DbBoards:127 - board STEVAL-BFA001V2B has no document id list !
2024-07-27 02:33:16,605 [WARN] DbBoards:127 - board STEVAL-IDP005V1 has no document id list !
2024-07-27 02:33:16,605 [WARN] DbBoards:127 - board STEVAL-IDP005V2 has no document id list !
2024-07-27 02:33:16,605 [WARN] DbBoards:127 - board STEVAL-MKSBOX1V1 has no document id list !
2024-07-27 02:33:16,605 [WARN] DbBoards:127 - board STEVAL-STWINKT1 has no document id list !
2024-07-27 02:33:16,605 [WARN] DbBoards:127 - board STEVAL-STWINKT1B has no document id list !
2024-07-27 02:33:16,605 [WARN] DbBoards:127 - board STM32439I-EVAL2 has no document id list !
2024-07-27 02:33:16,605 [WARN] DbBoards:127 - board STM32F401C-DISCO has no document id list !
2024-07-27 02:33:16,610 [WARN] DbBoards:127 - board STM32F769I-DISC1 has no document id list !
2024-07-27 02:33:16,610 [WARN] DbBoards:127 - board STM32G474E-EVAL1 has no document id list !
2024-07-27 02:33:16,610 [WARN] DbBoards:127 - board STM32H743I-EVAL2 has no document id list !
2024-07-27 02:33:16,610 [WARN] DbBoards:127 - board STM32H747I-DISC1 has no document id list !
2024-07-27 02:33:16,610 [WARN] DbBoards:127 - board STM32H753I-EVAL2 has no document id list !
2024-07-27 02:33:16,610 [WARN] DbBoards:127 - board STM32L-DISCOVERY has no document id list !
2024-07-27 02:33:16,655 [ERROR] DbBoards:189 - Image file not found for board B-L462E-CELL1: C:\ST\STM32CubeIDE_1.4.0\STM32CubeIDE\plugins\com.st.stm32cube.common.mx_6.0.0.202007160824\\db\/plugins/mcufinder/images/boards/B-L462E-CELL1_small.jpg
2024-07-27 02:33:16,705 [ERROR] DbBoards:189 - Image file not found for board B-U585I-IOT02A: C:\ST\STM32CubeIDE_1.4.0\STM32CubeIDE\plugins\com.st.stm32cube.common.mx_6.0.0.202007160824\\db\/plugins/mcufinder/images/boards/B-U585I-IOT02A_small.jpg
2024-07-27 02:33:16,830 [ERROR] DbBoards:189 - Image file not found for board NUCLEO-F413ZH: C:\ST\STM32CubeIDE_1.4.0\STM32CubeIDE\plugins\com.st.stm32cube.common.mx_6.0.0.202007160824\\db\/plugins/mcufinder/images/boards/nucleo-f413zh_small.jpg
2024-07-27 02:33:17,163 [ERROR] DbBoards:189 - Image file not found for board NUCLEO-L552ZE-Q: C:\ST\STM32CubeIDE_1.4.0\STM32CubeIDE\plugins\com.st.stm32cube.common.mx_6.0.0.202007160824\\db\/plugins/mcufinder/images/boards/nucleo_l552ze_q_small.jpg
2024-07-27 02:33:17,163 [ERROR] DbBoards:189 - Image file not found for board NUCLEO-U575ZI-Q: C:\ST\STM32CubeIDE_1.4.0\STM32CubeIDE\plugins\com.st.stm32cube.common.mx_6.0.0.202007160824\\db\/plugins/mcufinder/images/boards/nucleo-u575zi-q_small.jpg
2024-07-27 02:33:17,163 [ERROR] DbBoards:189 - Image file not found for board NUCLEO-WB15CC: C:\ST\STM32CubeIDE_1.4.0\STM32CubeIDE\plugins\com.st.stm32cube.common.mx_6.0.0.202007160824\\db\/plugins/mcufinder/images/boards/nucleo-wb15cc_small.jpg
2024-07-27 02:33:17,163 [ERROR] DbBoards:189 - Image file not found for board NUCLEO-WB55RG: C:\ST\STM32CubeIDE_1.4.0\STM32CubeIDE\plugins\com.st.stm32cube.common.mx_6.0.0.202007160824\\db\/plugins/mcufinder/images/boards/nucleo-wb55rg_small.jpg
2024-07-27 02:33:17,163 [ERROR] DbBoards:189 - Image file not found for board NUCLEO-WL55JC: C:\ST\STM32CubeIDE_1.4.0\STM32CubeIDE\plugins\com.st.stm32cube.common.mx_6.0.0.202007160824\\db\/plugins/mcufinder/images/boards/nucleo-wl55jc-small.jpg
2024-07-27 02:33:17,295 [ERROR] DbBoards:189 - Image file not found for board STEVAL-STWINKT1B: C:\ST\STM32CubeIDE_1.4.0\STM32CubeIDE\plugins\com.st.stm32cube.common.mx_6.0.0.202007160824\\db\/plugins/mcufinder/images/boards/steval-stwinkt1b_small.jpg
2024-07-27 02:33:17,579 [ERROR] DbBoards:189 - Image file not found for board STM32G0C1E-EV: C:\ST\STM32CubeIDE_1.4.0\STM32CubeIDE\plugins\com.st.stm32cube.common.mx_6.0.0.202007160824\\db\/plugins/mcufinder/images/boards/stm32g0c1e-eval_small.jpg
2024-07-27 02:33:17,664 [ERROR] DbBoards:189 - Image file not found for board STM32H7B3I-EVAL: C:\ST\STM32CubeIDE_1.4.0\STM32CubeIDE\plugins\com.st.stm32cube.common.mx_6.0.0.202007160824\\db\/plugins/mcufinder/images/boards/stm32h7b3ieval_small.jpg
2024-07-27 02:33:17,824 [ERROR] DbBoards:189 - Image file not found for board STM32U575I-EV: C:\ST\STM32CubeIDE_1.4.0\STM32CubeIDE\plugins\com.st.stm32cube.common.mx_6.0.0.202007160824\\db\/plugins/mcufinder/images/boards/stm32u575i-ev_small.jpg
2024-07-27 02:33:17,849 [ERROR] DbBoards:189 - Image file not found for board STM32WB5MM-DK: C:\ST\STM32CubeIDE_1.4.0\STM32CubeIDE\plugins\com.st.stm32cube.common.mx_6.0.0.202007160824\\db\/plugins/mcufinder/images/boards/STM32WB5MM-DK_small.jpg
2024-07-27 02:33:17,849 [INFO] ApiDb:201 - Load user favorites file C:\Users\HP/.stm32cubemx/favorites.boards.txt: 0 item(s)
2024-07-27 02:33:17,849 [INFO] ApiDb:205 - User favorites Boards=[]
2024-07-27 02:33:17,849 [INFO] DbBoards:206 - Set 0 / 0 favorites Boards
2024-07-27 02:33:18,324 [INFO] DbExamplesSqlite:156 - SQLite db open (C:\Users\HP\.stmcufinder\plugins\mcufinder\mcu\cube-finder-db.db)
2024-07-27 02:33:21,074 [INFO] DbExamplesSqlite:447 - Ignored 0 examples not supported by CubeIDE
2024-07-27 02:33:21,079 [INFO] DbExamplesSqlite:448 - Found 8590 examples active
2024-07-27 02:33:21,079 [INFO] DbExamplesSqlite:449 - Found 0 examples obsolete
2024-07-27 02:33:21,079 [INFO] DbExamplesSqlite:450 - Found 0 examples under development
2024-07-27 02:33:21,079 [INFO] DbExamplesSqlite:451 - Found 10 examples not building
2024-07-27 02:33:21,327 [INFO] DbExamplesSqlite:130 - SQLite Data Model version=2.1
2024-07-27 02:33:21,327 [INFO] DbExamplesSqlite:131 - SQLite Configuration version=3.0.39
2024-07-27 02:33:21,327 [INFO] DbExamplesSqlite:132 - SQLite generation date=2024-06-20 (1718880634)
2024-07-27 02:33:21,327 [INFO] DbExamplesSqlite:133 - SQLite FW Pack versions=[FP-ATR-ASTRA1_V2.0.0, FP-SNS-FLIGHT1_V5.0.2, FP-SNS-MOTENV1_V5.0.0, FP-SNS-MOTENVWB1_V1.4.0, FP-SNS-SMARTAG2_V1.2.0, STM32Cube_FW_C0_V1.2.0, STM32Cube_FW_F4_V1.28.0, STM32Cube_FW_F7_V1.17.2, STM32Cube_FW_G0_V1.6.2, STM32Cube_FW_G4_V1.6.0, STM32Cube_FW_H5_V1.3.0, STM32Cube_FW_H7RS_V1.1.0, STM32Cube_FW_H7_V1.11.2, STM32Cube_FW_L0_V1.12.2, STM32Cube_FW_L5_V1.5.1, STM32Cube_FW_U0_V1.1.0, STM32Cube_FW_U5_V1.6.0, STM32Cube_FW_WB0_V1.0.0, STM32Cube_FW_WBA_V1.4.0, STM32Cube_FW_WB_V1.20.0, STM32Cube_FW_WL_V1.3.0, X-CUBE-ALGOBUILD_V1.4.0, X-CUBE-ALS_V1.0.2, X-CUBE-AZRTOS-F4_V1.1.0, X-CUBE-AZRTOS-F7_V1.1.0, X-CUBE-AZRTOS-G0_V1.1.0, X-CUBE-AZRTOS-G4_V2.0.0, X-CUBE-AZRTOS-H7RS_V1.0.0, X-CUBE-AZRTOS-H7_V3.2.0, X-CUBE-AZRTOS-L4_V2.0.0, X-CUBE-AZRTOS-L5_V1.1.0, X-CUBE-AZRTOS-WB_V2.0.0, X-CUBE-AZRTOS-WL_V2.0.0, X-CUBE-BLE1_V7.0.0, X-CUBE-BLE2_V3.3.0, X-CUBE-BLEMGR_V3.1.0, X-CUBE-EEPRMA1_V5.1.0, X-CUBE-FREERTOS_V1.2.0, X-CUBE-GNSS1_V6.0.0, X-CUBE-MEMS1_V10.0.0, X-CUBE-NFC4_V3.0.0, X-CUBE-NFC7_V1.0.1, X-CUBE-SFXS2LP1_V4.0.0, X-CUBE-SUBG2_V5.0.0, X-CUBE-TOF1_V3.4.1]
2024-07-27 02:33:21,327 [INFO] DbExamples:123 - Found 8600 examples
2024-07-27 02:33:22,115 [ERROR] DbExamples:199 - Found 8600 examples with invalid data (board or MCU)
2024-07-27 02:33:22,115 [INFO] DbExamples:215 - Found 78 boards with related examples
2024-07-27 02:33:22,120 [INFO] DbExamples:228 - Found 0 MCUs with related examples
2024-07-27 02:33:22,150 [INFO] ApiDb:192 - User favorites file not found: C:\Users\HP/.stm32cubemx/favorites.examples.txt
2024-07-27 02:33:22,150 [INFO] DbExamples:249 - Set 0 / 0 favorites Examples
2024-07-27 02:33:26,054 [INFO] McuFinderGlobals:40 - Set McuFinder mode to 2 (CubeIDE integrated)
2024-07-27 02:33:27,011 [INFO] CrossSelectorPresenter:1330 - Cross Selector saved comparison directory: C:\Users\HP\.stmcufinder\plugins\mcufinder\mcu\cs_comparisons_mx
2024-07-27 02:33:27,031 [INFO] MultiScanPanel:193 - Auto-refresh data requested => check proxy status ongoing
2024-07-27 02:33:27,036 [INFO] FinderPluginLoader:87 - Searching for filters in installed packs
2024-07-27 02:33:29,121 [INFO] LoadUrlFilesThread:162 - End of LoadServerUrlFiles without Thread
2024-07-27 02:33:29,206 [INFO] DetailPanel:331 - Set advertising image to C:/Users/HP/STM32Cube/Repository/\stm32cubemx-promo_image.jpg
2024-07-27 02:33:29,926 [INFO] McuFilterPanel:245 - Update 0 favorites MCUs
2024-07-27 02:34:08,239 [INFO] LogOutputStream:76 - [STDOUT_REDIRECT] withoutVersionV1.8.4
2024-07-27 02:34:08,244 [INFO] LogOutputStream:76 - [STDOUT_REDIRECT] withoutVersionV1.8.3
2024-07-27 02:34:08,244 [INFO] LogOutputStream:76 - [STDOUT_REDIRECT] withoutVersionV1.8.2
2024-07-27 02:34:08,244 [INFO] LogOutputStream:76 - [STDOUT_REDIRECT] withoutVersionV1.8.1
2024-07-27 02:34:08,244 [INFO] LogOutputStream:76 - [STDOUT_REDIRECT] withoutVersionV1.8.0
2024-07-27 02:34:23,856 [INFO] ApiDb:226 - Save user favorites file C:\Users\HP/.stm32cubeide/favorites.mcus.txt: 0 item(s)
2024-07-27 02:34:23,856 [INFO] ApiDb:230 - User favorites MCUs=[]
